if ! test -L ../cache/csvdb/hcc.q; then cd ../cache/csvdb; ln -s /home/build/0/pyeg0/hcc/mkr/hcc.q .; fi
if ! test -L ../cache/in/dfctstatus.csv; then cd ../cache/in; ln -s /home/build/0/pyeg0/hcc/mkr/dfctstatus.csv . ; fi
if ! test -L ../cache/in/ptype.csv; then cd ../cache/in; ln -s /home/build/0/pyeg0/hcc/mkr/ptype.csv . ; fi
if ! test -L ../cache/in/estatus0.csv; then cd ../cache/in; ln -s /home/build/0/pyeg0/hcc/mkr/estatus0.csv . ; fi
if ! test -L ../cache/in/dfctpriority.csv; then cd ../cache/in; ln -s /home/build/0/pyeg0/hcc/mkr/dfctpriority.csv . ; fi
if ! test -L ../cache/in/cph_weaves.csv; then cd ../cache/in; ln -s /home/build/0/pyeg0/hcc/mkr/cph_weaves.csv . ; fi
if ! test -L ../cache/in/emethod0.csv; then cd ../cache/in; ln -s /home/build/0/pyeg0/hcc/mkr/emethod0.csv . ; fi
Qp -load "../cache/csvdb cwy1.q"
KDB+ 3.6 2019.04.02 Copyright (C) 1993-2019 Kx Systems
l32/ 4()core 5930MB weaves emma 192.168.127.21 NONEXPIRE  

"loaded: /home/weaves/share/qsys/trdrc.q"
"loaded: ../cache/csvdb"
(+(,`roadhierarchy)!,`sym$`9`F4R`SD`ASD1`L1`NCA`3`4`PR`MN`L3`1`L2``2`3B`4A`3A`4B)!+(,`x)!,`s#1..
(+`roadtypehw`roadtype!(`s#`sym$`s#````Carriageway Oneway 1-Lane`Carriageway Oneway 1-Lane`Car..
(+(,`roadclass)!,`sym$`Not Allocated`Numbered Classified Road - B`Principal Road - A`Unnumbere..
(+(,`hierarchy)!,`sym$`Publicly Maintainable`No Code Allocated`L3 Surfaced PRoW`PR Primary Dis..
+`hierarchy`pri!(`sym$`L1 Local Distributor`L2 Local Access`L3 Surfaced PRoW`MN Main Distribut..
(+(,`hierarchy)!,`sym$`L1 Local Distributor`L2 Local Access`L3 Surfaced PRoW`MN Main Distribut..
+`roadclass`x!(`sym$`Not Allocated`Numbered Classified Road - B`Principal Road - A`Unclassifie..
(+(,`roadclass)!,`sym$`Not Allocated`Numbered Classified Road - B`Principal Road - A`Unclassif..
+`roadtypehw`x!(`sym$``Carriageway Oneway 1-Lane`Carriageway Oneway 2-Lane`Carriageway Oneway ..
+`roadtypehw`x`desc0!(`sym$``Carriageway Oneway 1-Lane`Carriageway Oneway 2-Lane`Carriageway O..
+`roadtypehw`x`desc0`isslip!(`sym$``Carriageway Oneway 1-Lane`Carriageway Oneway 2-Lane`Carria..
+`roadtypehw`x`desc0`isslip!(`sym$``Carriageway Oneway 1-Lane`Carriageway Oneway 2-Lane`Carria..
+`roadtypehw`x`desc0`isslip!(`sym$``Carriageway Oneway 1-Lane`Carriageway Oneway 2-Lane`Carria..
+`roadtypehw`x`desc0`isslip`isshared!(`sym$``Carriageway Oneway 1-Lane`Carriageway Oneway 2-La..
+`roadtypehw`x`desc0`isslip`isshared`isdual!(`sym$``Carriageway Oneway 1-Lane`Carriageway Onew..
+`roadtypehw`x`desc0`isslip`isshared`isdual`issingle!(`sym$``Carriageway Oneway 1-Lane`Carriag..
+`roadtypehw`x`desc0`isslip`isshared`isdual`issingle`isoneway!(`sym$``Carriageway Oneway 1-Lan..
+`roadtypehw`x`desc0`isslip`isshared`isdual`issingle`isoneway`isround!(`sym$``Carriageway Onew..
(+(,`roadtypehw)!,`sym$``Carriageway Oneway 1-Lane`Carriageway Oneway 2-Lane`Carriageway Onewa..
(`s#+(,`roadtype)!,`sym$``D1`D2`D3`R2`S1`S2`S3`WS2)!+(,`n)!,1 1 1 1 1 1 1 1 1h
(`s#+(,`roadtype)!,`sym$``D1`D2`D3`R2`S1`S2`S3`WS2)!+(,`n)!,89 30 442 10 430 598 17899 10 1
(+(,`roadtype)!,`sym$``D1`D2`D3`R2`S1`S2`S3`WS2)!+`lanes2`isdual!(0 1 2 3 1 1 2 3 2;011100000b)
(`s#+(,`roadhierarchy)!,`sym$``1`2`3`3A`3B`4`4A`4B`9`ASD1`F4R`L1`L2`L3`MN`NCA`PR`SD)!+(,`n)!,8..
(+(,`roadhierarchy)!,`sym$``1`2`3`3A`3B`4`4A`4B`9`ASD1`F4R`L1`L2`L3`MN`NCA`PR`SD)!+(,`rh0)!,0 ..
(+(,`mtraffic)!,39160 40040 42574 44016 44291 44720 47020 47023 47928 54146f)!+(,`x)!,1 1 1 1 ..
(`s#+(,`spdlimit)!,`s#0n 20 30 40 50 60 70)!+(,`x)!,1072 161 15764 497 64 1754 197
(+(,`aid0)!,`A41`A10`A414`A505`A602`A411`A5183`A1170`A1000`A412`B656`A1081`B197`B1004`A4251`C1..
`:./usrn2aid
`:./cwy0
Qp -load "../cache/csvdb rci1.q"
KDB+ 3.6 2019.04.02 Copyright (C) 1993-2019 Kx Systems
l32/ 4()core 5930MB weaves emma 192.168.127.21 NONEXPIRE  

"loaded: /home/weaves/share/qsys/trdrc.q"
"loaded: ../cache/csvdb"
11111111110000000000b
2033 19509
`:./rci1
`:./rci1rag
`:./wsrci
Qp -load "../cache/csvdb ftre.q"
KDB+ 3.6 2019.04.02 Copyright (C) 1993-2019 Kx Systems
l32/ 4()core 5930MB weaves emma 192.168.127.21 NONEXPIRE  

"loaded: /home/weaves/share/qsys/trdrc.q"
"loaded: ../cache/csvdb"
`:./ftre
`:./fwy0
Qp -load "../cache/csvdb enq1.q"
KDB+ 3.6 2019.04.02 Copyright (C) 1993-2019 Kx Systems
l32/ 4()core 5930MB weaves emma 192.168.127.21 NONEXPIRE  

"loaded: /home/weaves/share/qsys/trdrc.q"
"loaded: ../cache/csvdb"
+(,`sl)!,1 2
+`assetid`aid`sl!(`sym$`B1368/110/LR`1U200/10/M`3U1307/30/LU`B197/960/M`B1368/110/M;(("B1368";..
"loaded: /home/build/0/pyeg0/hcc/mkr/enq1a.q"
+(,`sl)!,2 1
+`assetid`aid`sl!(`sym$`6U898-LP-0009`8U499-LP-0007X`5U790-LP-0027`8U506-LP-0007`3U1015-LP-000..
"loaded: /home/build/0/pyeg0/hcc/mkr/enq1a.q"
+(,`sl)!,,1
+`assetid`aid`sl!(`sym$();();`long$())
"loaded: /home/build/0/pyeg0/hcc/mkr/enq1a.q"
(`s#+(,`xref0)!,`s#``colon`cwy`dash`fiad`fwy`nositename`null`slash`xcolon`xdash`xslash)!+(,`x)..
(`s#+`xref0`ftre1!(`p#``colon`colon`colon`colon`colon`cwy`dash`dash`dash`dash`dash`dash`dash`d..
0b
(`s#+(,`xref0)!,`s#`colon`dash`slash)!+`assetid`assetid1`ftre1`ftre11!(34 1924 394;5 1662 170;..
`:./enq1
`:./wsenq
Qp -load "../cache/csvdb permit1.q"
KDB+ 3.6 2019.04.02 Copyright (C) 1993-2019 Kx Systems
l32/ 4()core 5930MB weaves emma 192.168.127.21 NONEXPIRE  

"loaded: /home/weaves/share/qsys/trdrc.q"
"loaded: ../cache/csvdb"
295109
269083
295109
295046
295046
295109
295092
(`s#+(,`wcat0)!,`sym$`Immediate`Major`Minor`Standard)!+(,`x)!,155814 12040 107408 19513
+(,`edt0)!,0 0 -1 -3 0 0 0 0 0 0i
"loaded: hcc.q"
"loaded: /home/build/0/pyeg0/hcc/mkr/permit1a.q"
176741
`:./permit1
`:./permit2
`:./wspermit
Qp -load "../cache/csvdb clm1.q"
KDB+ 3.6 2019.04.02 Copyright (C) 1993-2019 Kx Systems
l32/ 4()core 5930MB weaves emma 192.168.127.21 NONEXPIRE  

"loaded: /home/weaves/share/qsys/trdrc.q"
"loaded: ../cache/csvdb"
(`s#+(,`x)!,`s#378 395 495 590 721 754 777 801 822 915 916 1077 1591 1785 2258 2659 3170 3251 ..
(`s#+(,`x)!,`s#449 482 744 2344 2686 3247 3353 3658 3955 4323 4469 4556 4853 5084 5409 5410 54..
(`s#+(,`xref0)!,`s#`multi`null`single)!+(,`claimnumber)!,1317 11661 15706
+`claimnumber`roadidfeatureid`aid`null0`xref0`xref1!(`sym$`ISTP/2008/0090`TP/2008/0038`TP/2008..
+`claimnumber`null0!(`sym$`ISTP/2008/0090`TP/2008/0038`TP/2008/0039`ISTP/2008/0087`ISTP/2008/0..
+`claimnumber`null0!(`sym$`TP/2008/0050`TP/2008/0041`ISTP/2008/0179`ISTP/2008/0198`ISTP/2008/0..
+`xref0`roadidfeatureid!(`single`single`single`single`single`single`single`single`single`singl..
+`claimnumber`roadidfeatureid`aid0`null0`xref0`xref1!(`sym$`ISTP/2008/0090`TP/2008/0038`TP/200..
+`claimnumber`null0!(`sym$`ISTP/2008/0090`TP/2008/0038`TP/2008/0039`ISTP/2008/0087`ISTP/2008/0..
+`claimnumber`null0!(`sym$`TP/2008/0050`TP/2008/0041`ISTP/2008/0179`ISTP/2008/0198`ISTP/2008/0..
+`xref0`roadidfeatureid`xref1!(`single`single`single`single`single`single`single`single`single..
+`claimnumber`roadidfeatureid`aid00`null0`xref0`xref1!(`sym$`ISTP/2008/0090`TP/2008/0038`TP/20..
+`claimnumber`null0!(`sym$`ISTP/2008/0090`TP/2008/0038`TP/2008/0039`ISTP/2008/0087`ISTP/2008/0..
+`claimnumber`null0!(`sym$`TP/2008/0050`TP/2008/0041`ISTP/2008/0179`ISTP/2008/0198`ISTP/2008/0..
+`xref0`roadidfeatureid`xref1!(`single`single`single`single`single`single`single`single`single..
(`s#+(,`xref0)!,`s#`multi`null`single)!+`aid`aid0`aid00!(1047 0 14374i;1120 0 14793i;1188 0 14..
(`s#+`xref0`inspectionfrequency!(`p#`multi`multi`multi`multi`multi`multi`multi`multi`multi`mul..
(`s#+(,`inspectionfrequency)!,`sym$``Annually`Highways Agency`Monthly`Neighbouring Authority`N..
(`s#+`xref0`if0!(`p#`multi`multi`multi`multi`multi`multi`multi`multi`multi`multi`null`null`nul..
(`s#+(,`coveragegroup)!,`sym$``Highways`Public Liability)!+(,`x)!,46 7305 21333
(`s#+(,`covertype)!,`sym$``2U193/10`2U521/20`3XU62/20`5U117/10`6U1/40`6U1007/10`6U531/20`8U328..
(`s#+(,`risktype)!,`sym$``Highway)!+(,`x)!,46 28638
(`s#+(,`cause)!,`sym$``2006-12-18T00:00:00`2007-02-13T00:00:00`2007-05-12T00:00:00`2007-10-25T..
(`s#+(,`detailcause)!,`sym$``Animals`Animals/Pests`Anti Pedestrian Surface`Barrier/Gate`Bollar..
(`s#+(,`detailcause)!,`sym$``Animals`Anti Pedestrian Surface`Barrier/Gate`Bollard`Bollard - Mi..
(`s#+(,`outcome)!,`sym$``Closed No Further Information Available`Closed by Highways (not refer..
(`s#+(,`cause)!,`sym$``2006-12-18T00:00:00`2007-02-13T00:00:00`2007-05-12T00:00:00`2007-10-25T..
(`s#+(,`cause)!,`sym$``2006-12-18T00:00:00`2007-02-13T00:00:00`2007-05-12T00:00:00`2007-10-25T..
(`s#+(,`covertype)!,`sym$``2U193/10`2U521/20`3XU62/20`5U117/10`6U1/40`6U1007/10`6U531/20`8U328..
(`s#+(,`status)!,`sym$``0367`Final`Open`Reopened`Settled)!+(,`x)!,44 1 28106 436 96 1
(`s#+(,`sitecode)!,`sym$``04/01/2017`0U460/10`0U606/10`1.302372`1010302186`10201901`10300046`1..
(`s#+(,`status)!,`sym$``0367`Final`Open`Reopened`Settled)!+(,`x)!,44 1 28106 436 96 1
(`s#+(,`risktype)!,`sym$``Highway)!+(,`x)!,46 28638
(`s#+(,`locationlevelf)!,`sym$``0438"`2007-06-25T00:00:00`2007-09-24T00:00:00`2009-12-03T00:00..
+`cost0`paidtotal`osreservetotal`incurredtotal!(187.36 0N 0N 0N 0N 0N 0N 0N 0N 0N 1844.46 0N 0..
(`s#+(,`outcome1)!,`s#``Closed`Misc`Recovery`Referred`Repudiated`Settled)!+(,`x)!,18286 145 95..
(`s#+`status`outcome1!(`p#`sym$`p#``0367`Final`Final`Final`Final`Final`Final`Final`Open`Open`R..
(`s#+(,`xref0)!,`s#`multi`null`single)!+(,`x)!,1317 11661 15706
(`s#+(,`xref0)!,`s#`multi`null`single)!+`aid`aid0`aid00!(1047 0 14374i;1120 0 14793i;1188 0 14..
(`s#+(,`sitecode)!,`sym$``0U460/10`10301901`10302372`10302516`10302566`10302828`10303754`10304..
(`s#+(,`sitecode)!,`sym$``0U460/10`10301901`10302372`10302516`10302566`10302828`10303754`10304..
+(,`x)!,,13263
"loaded: /home/build/0/pyeg0/hcc/mkr/clm1a.q"
(`s#+(,`siteid)!,`s#0N 11234 1241610 4800097 4800174 4800234 4800425 4800445 4800447 4800489 4..
`:./clm1
`:./wsclm
Qp -load "../cache/csvdb traffic1.q"
KDB+ 3.6 2019.04.02 Copyright (C) 1993-2019 Kx Systems
l32/ 4()core 5930MB weaves emma 192.168.127.21 NONEXPIRE  

"loaded: /home/weaves/share/qsys/trdrc.q"
"loaded: ../cache/csvdb"
(`s#+(,`nsaid)!,,2)!+(,`x)!,,3077
(`s#+(,`hcchier)!,`sym$,`LOCAL 2)!+(,`x)!,,2870
+`assetid`assetid1`aadtini`aadtcomb`hcchier`hierarchy!(`sym$`HWCW5636518`HWCW5636519`HWCW56365..
+`assetid`assetid1`aadtini`aadtcomb`hcchier`hierarchy!(`sym$();`sym$();`float$();`float$();`sy..
+(,`x)!,,5
+`assetid`assetid1`aadtini`aadtcomb`hcchier`hierarchy!(`sym$`HWCW5636518`HWCW5636519`HWCW56365..
(`s#+`roadtype`roadtypehw!(`p#`sym$`p#````````D1`D1`D1`D1`D1`D1`D2`D2`D2`D2`D2`D3`D3`R2`R2`R2`..
(`s#+(,`roadtype)!,`sym$`Carriageway Oneway 1-Lane`Carriageway Oneway 2-Lane`Carriageway Onewa..
(`s#+(,`roadhierarchy)!,`sym$``1`2`3`3A`3B`4`4A`4B`9`ASD1`F4R`L1`L2`L3`MN`NCA`PR`SD)!+(,`x)!,8..
(`s#+`roadtype`roadtypehw!(`p#`sym$`p#``D1`D1`D1`D1`D1`D1`D2`D2`D2`D3`D3`R2`R2`R2`S1`S1`S1`S1`..
`:./traffic1
`:./traffic2
`:./wstraffic
Qp -load "../cache/csvdb weather1.q"
KDB+ 3.6 2019.04.02 Copyright (C) 1993-2019 Kx Systems
l32/ 4()core 5930MB weaves emma 192.168.127.21 NONEXPIRE  

"loaded: /home/weaves/share/qsys/trdrc.q"
"loaded: ../cache/csvdb"
+`tmax`tmax1`tmin`tmin1`af`af1`af2`af3!(,-1.001766;,0.3075294;,-0.1061071;,0.3672001;,3i;,-17i..
`:./weather1
`:./luton1
`:./luton2
`:./luton2w
Qp -load "../cache/csvdb lsoa1.q"
KDB+ 3.6 2019.04.02 Copyright (C) 1993-2019 Kx Systems
l32/ 4()core 5930MB weaves emma 192.168.127.21 NONEXPIRE  

"loaded: /home/weaves/share/qsys/trdrc.q"
"loaded: ../cache/csvdb"
(`s#+`type0`fwy0!(`p#`cwy`cwy`fwy`fwy;0101b))!+(,`x)!,19498 11 170 26834
(`s#+`type0`cwy0!(`p#`cwy`cwy`fwy;010b))!+(,`x)!,542 18967 27004
534
534
`:./lsoa1
`:./lsoa2ward
Qp -load "../cache/csvdb salting1.q"
KDB+ 3.6 2019.04.02 Copyright (C) 1993-2019 Kx Systems
l32/ 4()core 5930MB weaves emma 192.168.127.21 NONEXPIRE  

"loaded: /home/weaves/share/qsys/trdrc.q"
"loaded: ../cache/csvdb"
(`s#+(,`nsaid)!,`s#1 2)!+(,`x)!,14 6223
(`s#+(,`salttype)!,`sym$`POST-SALTING`PRECAUTIONARY SALTING ROUTE)!+(,`x)!,1546 4491
`:./salting1
`:./salting2
`:./wssalting
Qp -load "../cache/csvdb imd1.q"
KDB+ 3.6 2019.04.02 Copyright (C) 1993-2019 Kx Systems
l32/ 4()core 5930MB weaves emma 192.168.127.21 NONEXPIRE  

"loaded: /home/weaves/share/qsys/trdrc.q"
"loaded: ../cache/csvdb"
688
534
+`lsoa0`featureid`ward`assetid`lsoa`imd`imdk`wealthk!(`cwy`cwy`cwy`cwy`cwy`cwy`cwy`cwy`cwy`cwy..
`:./imd1
`:./imd2ward
`:./wsimd
Qp -load "../cache/csvdb pop1.q"
KDB+ 3.6 2019.04.02 Copyright (C) 1993-2019 Kx Systems
l32/ 4()core 5930MB weaves emma 192.168.127.21 NONEXPIRE  

"loaded: /home/weaves/share/qsys/trdrc.q"
"loaded: ../cache/csvdb"
6870
687
79
`:./pop1
`:./pop1w
`:./wspop
Qp -load "../cache/csvdb cars1.q"
KDB+ 3.6 2019.04.02 Copyright (C) 1993-2019 Kx Systems
l32/ 4()core 5930MB weaves emma 192.168.127.21 NONEXPIRE  

"loaded: /home/weaves/share/qsys/trdrc.q"
"loaded: ../cache/csvdb"
3440
688
79
`:./cars1
`:./cars1w
`:./wscars
Qp -load "../cache/csvdb poi1.q"
KDB+ 3.6 2019.04.02 Copyright (C) 1993-2019 Kx Systems
l32/ 4()core 5930MB weaves emma 192.168.127.21 NONEXPIRE  

"loaded: /home/weaves/share/qsys/trdrc.q"
"loaded: ../cache/csvdb"
645953
`lt0`lt25`lt50`lt75`lt100`lt125`lt150`lt175`lt200`lt225`lt250`lt275`lt300`lt325`lt350`lt375`lt..
(`s#+(,`type0)!,`s#``cwy)!+(,`x)!,25 19353
25
(`s#+(,`type0)!,,`)!+(,`x)!,,25
25
(`s#+(,`tag0)!,`s#`nbus`nhospital`nhotel`nrail`nschool`nsupermkt)!+(,`cls0)!,(,`Bus Stops;`Hos..
(+(,`value0)!,0 1 2 3 4 5 6 7 8 9 10 11 12 13 14 15 17 16 19 20 18 21 22 23 24 25 27 28 30 32 ..
(+`value0`src0!(0 0 0 0 0 0 1 2 3 4 1 1 5 6 2 7 8 2 1 9 3 10 11 4 2 12 5 3 1 13 6 7 14 3 15 1 ..
6633 2075 14290 3579 22364 7595i
"loaded: /home/build/0/pyeg0/hcc/mkr/poi1a.q"
6
`:./poi1
`:./wspoi
Qp -load "../cache/csvdb dfct1.q"
KDB+ 3.6 2019.04.02 Copyright (C) 1993-2019 Kx Systems
l32/ 4()core 5930MB weaves emma 192.168.127.21 NONEXPIRE  

"loaded: /home/weaves/share/qsys/trdrc.q"
"loaded: ../cache/csvdb"
(`s#+(,`status)!,`sym$`Action Required`No Action Required)!+(,`x)!,86865 160893
(`s#+(,`action0)!,`s#01b)!+(,`x)!,160893 86865
"loaded: hcc.q"
(`s#+(,`status)!,`sym$`Action Required`No Action Required)!+(,`x)!,86865 160893
(`s#+(,`action0)!,`s#01b)!+(,`x)!,160893 86865
(`s#+`type0`type0name!(`p#`sym$`p#`CWCA`CWCB`CWDA`CWDB`CWEA`CWEB`CWEC`CWOT`CWPA`FWCA`FWCB`FWOT..
(`s#+`type0`type0name!(`p#`sym$`p#`CWCA`CWCB`CWDA`CWDB`CWEA`CWEB`CWEC`CWOT`CWPA`FWCA`FWCB`FWOT..
(`s#+(,`type1)!,`s#`C`F)!+(,`x)!,90808 156950
(`s#+(,`type2)!,`s#`A`B`C`T)!+(,`x)!,65654 129991 7725 44388
(`s#+(,`type3)!,`s#`C`D`E`O`P`R)!+(,`x)!,20556 193 10666 44388 37552 134403
"loaded: /home/build/0/pyeg0/hcc/mkr/dfct1c.q"
(`s#+(,`ntype3)!,`s#`crack`drop`other`pothole`trench`trip)!+(,`x)!,20556 10666 44388 37552 193..
(`s#+(,`ntype3)!,`s#`crack`drop`other`pothole`trench`trip)!+(,`x)!,20556 10666 44388 37552 193..
+`usrn`x!(17201103 17201103 17201103 17207915 17207915 17208357 17208357 43070035 43070035 279..
(`s#+`dt0`cwy!(`p#2012.12.23 2012.12.23 2012.12.23 2012.12.23 2012.12.23 2012.12.23 2012.12.23..
"loaded: hcc.q"
(`s#+`action1`status0!(`p#11111b;`audit`closed`completed`repaired`safed))!+(,`x)!,183 6796 599..
(`s#+`action1`status0!(`p#11111b;`audit`closed`completed`repaired`safed))!+(,`x)!,183 6796 599..
(`s#+`inspct0`status0!(`p#111111111111b;`accepted`cancel`client`defer`duplicate`future`inspect..
(+`action0`inspct0`action1`status0!(01100110001000011100111111010100010001111b;111111111111111..
(`s#+`action1`status0!(`p#11111b;`audit`closed`completed`repaired`safed))!+(,`x)!,99 6774 5987..
(`s#+`action1`inspct0!(`p#0011b;0101b))!+(,`x)!,132728 40843 169 74018
(`s#+(,`statusname)!,`sym$`zInformation Provided`zPossible Duplicate Job)!+(,`x)!,24 1
`int$()
"loaded: /home/build/0/pyeg0/hcc/mkr/dfct1b.q"
"loaded: /home/build/0/pyeg0/hcc/mkr/dfct1.q"
q)cwy       dt0                     dfct0  dt1        siteid  
------------------------------------------------------------
B197/645  2017.10.02T10:56:55.000 560912 2017.10.02 37810452
B158/10   2017.10.02T10:51:42.000 560914 2017.10.02 43009397
B158/20   2017.10.02T10:51:13.000 560915 2017.10.02 43009397
B158/30   2017.10.02T10:48:54.000 560916 2017.10.02 43004810
B158/40   2017.10.02T10:47:53.000 560917 2017.10.02 43008313
2U424/20  2017.10.02T10:31:45.000 560918 2017.10.02 10302566
2U221/10  2017.10.02T10:29:24.000 560919 2017.10.02 10308815
A1057/70  2017.10.02T10:13:52.000 560931 2017.10.02 43015878
A1057/70  2017.10.02T10:13:36.000 560933 2017.10.02 43015878
A10/234   2017.10.02T08:29:03.000 560941 2017.10.02 12425294
A10/185   2017.10.02T08:38:14.000 560942 2017.10.02 12425345
9U392/10  2017.09.29T14:22:46.000 560998 2017.09.29 42414742
2U660/10  2017.09.29T10:52:25.000 560999 2017.09.29 10306252
C74/610   2017.09.29T09:51:13.000 561000 2017.09.29 10320818
5U121/10  2017.09.29T09:45:57.000 561002 2017.09.29 27907039
C24/10    2017.09.29T09:18:05.000 561003 2017.09.29 27925038
C10/525   2017.09.28T14:30:05.000 561005 2017.09.28 27901045
2U818/10  2017.09.28T10:38:48.000 561008 2017.09.28 10310991
2U1585/10 2017.09.28T09:26:02.000 561009 2017.09.28 10317693
5U1574/10 2017.09.28T09:13:01.000 561011 2017.09.28 27900565
2U739/10  2017.09.28T08:42:32.000 561012 2017.09.28 10308312
5U1396/10 2017.09.28T08:03:28.000 561014 2017.09.28 27914113
..
q)q)q)Qp -load "../cache/csvdb dfct1.q"
KDB+ 3.6 2019.04.02 Copyright (C) 1993-2019 Kx Systems
l32/ 4()core 5930MB weaves emma 192.168.127.21 NONEXPIRE  

"loaded: /home/weaves/share/qsys/trdrc.q"
"loaded: ../cache/csvdb"
(`s#+(,`status)!,`sym$`Action Required`No Action Required)!+(,`x)!,86865 160893
(`s#+(,`action0)!,`s#01b)!+(,`x)!,160893 86865
"loaded: hcc.q"
(`s#+(,`status)!,`sym$`Action Required`No Action Required)!+(,`x)!,86865 160893
(`s#+(,`action0)!,`s#01b)!+(,`x)!,160893 86865
(`s#+`type0`type0name!(`p#`sym$`p#`CWCA`CWCB`CWDA`CWDB`CWEA`CWEB`CWEC`CWOT`CWPA`FWCA`FWCB`FWOT..
(`s#+`type0`type0name!(`p#`sym$`p#`CWCA`CWCB`CWDA`CWDB`CWEA`CWEB`CWEC`CWOT`CWPA`FWCA`FWCB`FWOT..
(`s#+(,`type1)!,`s#`C`F)!+(,`x)!,90808 156950
(`s#+(,`type2)!,`s#`A`B`C`T)!+(,`x)!,65654 129991 7725 44388
(`s#+(,`type3)!,`s#`C`D`E`O`P`R)!+(,`x)!,20556 193 10666 44388 37552 134403
"loaded: /home/build/0/pyeg0/hcc/mkr/dfct1c.q"
(`s#+(,`ntype3)!,`s#`crack`drop`other`pothole`trench`trip)!+(,`x)!,20556 10666 44388 37552 193..
(`s#+(,`ntype3)!,`s#`crack`drop`other`pothole`trench`trip)!+(,`x)!,20556 10666 44388 37552 193..
+`usrn`x!(17201103 17201103 17201103 17207915 17207915 17208357 17208357 43070035 43070035 279..
(`s#+`dt0`cwy!(`p#2012.12.23 2012.12.23 2012.12.23 2012.12.23 2012.12.23 2012.12.23 2012.12.23..
"loaded: hcc.q"
(`s#+`action1`status0!(`p#11111b;`audit`closed`completed`repaired`safed))!+(,`x)!,183 6796 599..
(`s#+`action1`status0!(`p#11111b;`audit`closed`completed`repaired`safed))!+(,`x)!,183 6796 599..
(`s#+`inspct0`status0!(`p#111111111111b;`accepted`cancel`client`defer`duplicate`future`inspect..
(+`action0`inspct0`action1`status0!(01100110001000011100111111010100010001111b;111111111111111..
(`s#+`action1`status0!(`p#11111b;`audit`closed`completed`repaired`safed))!+(,`x)!,99 6774 5987..
(`s#+`action1`inspct0!(`p#0011b;0101b))!+(,`x)!,132728 40843 169 74018
(`s#+(,`statusname)!,`sym$`zInformation Provided`zPossible Duplicate Job)!+(,`x)!,24 1
`int$()
"loaded: /home/build/0/pyeg0/hcc/mkr/dfct1b.q"
"loaded: /home/build/0/pyeg0/hcc/mkr/dfct1.q"
q)